# JRE version: Java(TM) SE Runtime Environment (8.0_91-b15) (build 1.8.0_91-b15)
# Java VM: Java HotSpot(TM) 64-Bit Server VM (25.91-b15 mixed mode windows-amd64 compressed oops)
Heap:
 PSYoungGen      total 368640K, used 56702K [0x000000076b580000, 0x0000000786180000, 0x00000007c0000000)
  eden space 348672K, 16% used [0x000000076b580000,0x000000076ecdfbb0,0x0000000780a00000)
  from space 19968K, 0% used [0x0000000781c80000,0x0000000781c80000,0x0000000783000000)
  to   space 18944K, 0% used [0x0000000780a00000,0x0000000780a00000,0x0000000781c80000)
 ParOldGen       total 140288K, used 20850K [0x00000006c2000000, 0x00000006ca900000, 0x000000076b580000)
  object space 140288K, 14% used [0x00000006c2000000,0x00000006c345c868,0x00000006ca900000)
 Metaspace       used 41289K, capacity 41892K, committed 42240K, reserved 1085440K
  class space    used 5183K, capacity 5373K, committed 5376K, reserved 1048576K
GC Heap History (10 events):
Event: 1.366 GC heap before
{Heap before GC invocations=4 (full 1):
 PSYoungGen      total 140800K, used 9562K [0x000000076b580000, 0x000000077c880000, 0x00000007c0000000)
  eden space 130048K, 0% used [0x000000076b580000,0x000000076b580000,0x0000000773480000)
  from space 10752K, 88% used [0x0000000773480000,0x0000000773dd6b80,0x0000000773f00000)
  to   space 10752K, 0% used [0x000000077be00000,0x000000077be00000,0x000000077c880000)
 ParOldGen       total 173568K, used 104K [0x00000006c2000000, 0x00000006cc980000, 0x000000076b580000)
  object space 173568K, 0% used [0x00000006c2000000,0x00000006c201a010,0x00000006cc980000)
 Metaspace       used 20702K, capacity 21150K, committed 21248K, reserved 1067008K
  class space    used 2615K, capacity 2744K, committed 2816K, reserved 1048576K
Event: 1.404 GC heap after
Heap after GC invocations=4 (full 1):
 PSYoungGen      total 140800K, used 0K [0x000000076b580000, 0x000000077c880000, 0x00000007c0000000)
  eden space 130048K, 0% used [0x000000076b580000,0x000000076b580000,0x0000000773480000)
  from space 10752K, 0% used [0x0000000773480000,0x0000000773480000,0x0000000773f00000)
  to   space 10752K, 0% used [0x000000077be00000,0x000000077be00000,0x000000077c880000)
 ParOldGen       total 94720K, used 9402K [0x00000006c2000000, 0x00000006c7c80000, 0x000000076b580000)
  object space 94720K, 9% used [0x00000006c2000000,0x00000006c292e950,0x00000006c7c80000)
 Metaspace       used 20702K, capacity 21150K, committed 21248K, reserved 1067008K
  class space    used 2615K, capacity 2744K, committed 2816K, reserved 1048576K
}
Event: 2.134 GC heap before
{Heap before GC invocations=5 (full 1):
 PSYoungGen      total 140800K, used 130048K [0x000000076b580000, 0x000000077c880000, 0x00000007c0000000)
  eden space 130048K, 100% used [0x000000076b580000,0x0000000773480000,0x0000000773480000)
  from space 10752K, 0% used [0x0000000773480000,0x0000000773480000,0x0000000773f00000)
  to   space 10752K, 0% used [0x000000077be00000,0x000000077be00000,0x000000077c880000)
 ParOldGen       total 94720K, used 9402K [0x00000006c2000000, 0x00000006c7c80000, 0x000000076b580000)
  object space 94720K, 9% used [0x00000006c2000000,0x00000006c292e950,0x00000006c7c80000)
 Metaspace       used 28113K, capacity 28512K, committed 28928K, reserved 1075200K
  class space    used 3605K, capacity 3715K, committed 3840K, reserved 1048576K
Event: 2.150 GC heap after
Heap after GC invocations=5 (full 1):
 PSYoungGen      total 226816K, used 10740K [0x000000076b580000, 0x000000077c880000, 0x00000007c0000000)
  eden space 216064K, 0% used [0x000000076b580000,0x000000076b580000,0x0000000778880000)
  from space 10752K, 99% used [0x000000077be00000,0x000000077c87d180,0x000000077c880000)
  to   space 10752K, 0% used [0x000000077b380000,0x000000077b380000,0x000000077be00000)
 ParOldGen       total 94720K, used 11444K [0x00000006c2000000, 0x00000006c7c80000, 0x000000076b580000)
  object space 94720K, 12% used [0x00000006c2000000,0x00000006c2b2d338,0x00000006c7c80000)
 Metaspace       used 28113K, capacity 28512K, committed 28928K, reserved 1075200K
  class space    used 3605K, capacity 3715K, committed 3840K, reserved 1048576K
}
Event: 3.263 GC heap before
{Heap before GC invocations=6 (full 1):
 PSYoungGen      total 226816K, used 226804K [0x000000076b580000, 0x000000077c880000, 0x00000007c0000000)
  eden space 216064K, 100% used [0x000000076b580000,0x0000000778880000,0x0000000778880000)
  from space 10752K, 99% used [0x000000077be00000,0x000000077c87d180,0x000000077c880000)
  to   space 10752K, 0% used [0x000000077b380000,0x000000077b380000,0x000000077be00000)
 ParOldGen       total 94720K, used 11444K [0x00000006c2000000, 0x00000006c7c80000, 0x000000076b580000)
  object space 94720K, 12% used [0x00000006c2000000,0x00000006c2b2d338,0x00000006c7c80000)
 Metaspace       used 32983K, capacity 33524K, committed 33920K, reserved 1079296K
  class space    used 4238K, capacity 4353K, committed 4480K, reserved 1048576K
Event: 3.277 GC heap after
Heap after GC invocations=6 (full 1):
 PSYoungGen      total 270848K, used 10741K [0x000000076b580000, 0x0000000783000000, 0x00000007c0000000)
  eden space 260096K, 0% used [0x000000076b580000,0x000000076b580000,0x000000077b380000)
  from space 10752K, 99% used [0x000000077b380000,0x000000077bdfd5d8,0x000000077be00000)
  to   space 19968K, 0% used [0x0000000781c80000,0x0000000781c80000,0x0000000783000000)
 ParOldGen       total 94720K, used 22273K [0x00000006c2000000, 0x00000006c7c80000, 0x000000076b580000)
  object space 94720K, 23% used [0x00000006c2000000,0x00000006c35c06d0,0x00000006c7c80000)
 Metaspace       used 32983K, capacity 33524K, committed 33920K, reserved 1079296K
  class space    used 4238K, capacity 4353K, committed 4480K, reserved 1048576K
}
Event: 62.751 GC heap before
{Heap before GC invocations=7 (full 1):
 PSYoungGen      total 270848K, used 56492K [0x000000076b580000, 0x0000000783000000, 0x00000007c0000000)
  eden space 260096K, 17% used [0x000000076b580000,0x000000076e22dd28,0x000000077b380000)
  from space 10752K, 99% used [0x000000077b380000,0x000000077bdfd5d8,0x000000077be00000)
  to   space 19968K, 0% used [0x0000000781c80000,0x0000000781c80000,0x0000000783000000)
 ParOldGen       total 94720K, used 22273K [0x00000006c2000000, 0x00000006c7c80000, 0x000000076b580000)
  object space 94720K, 23% used [0x00000006c2000000,0x00000006c35c06d0,0x00000006c7c80000)
 Metaspace       used 34757K, capacity 35284K, committed 35416K, reserved 1081344K
  class space    used 4460K, capacity 4590K, committed 4608K, reserved 1048576K
Event: 62.761 GC heap after
Heap after GC invocations=7 (full 1):
 PSYoungGen      total 368640K, used 11601K [0x000000076b580000, 0x0000000786180000, 0x00000007c0000000)
  eden space 348672K, 0% used [0x000000076b580000,0x000000076b580000,0x0000000780a00000)
  from space 19968K, 58% used [0x0000000781c80000,0x00000007827d47f0,0x0000000783000000)
  to   space 18944K, 0% used [0x0000000780a00000,0x0000000780a00000,0x0000000781c80000)
 ParOldGen       total 94720K, used 22281K [0x00000006c2000000, 0x00000006c7c80000, 0x000000076b580000)
  object space 94720K, 23% used [0x00000006c2000000,0x00000006c35c26d0,0x00000006c7c80000)
 Metaspace       used 34757K, capacity 35284K, committed 35416K, reserved 1081344K
  class space    used 4460K, capacity 4590K, committed 4608K, reserved 1048576K
}
Event: 62.761 GC heap before
{Heap before GC invocations=8 (full 2):
 PSYoungGen      total 368640K, used 11601K [0x000000076b580000, 0x0000000786180000, 0x00000007c0000000)
  eden space 348672K, 0% used [0x000000076b580000,0x000000076b580000,0x0000000780a00000)
  from space 19968K, 58% used [0x0000000781c80000,0x00000007827d47f0,0x0000000783000000)
  to   space 18944K, 0% used [0x0000000780a00000,0x0000000780a00000,0x0000000781c80000)
 ParOldGen       total 94720K, used 22281K [0x00000006c2000000, 0x00000006c7c80000, 0x000000076b580000)
  object space 94720K, 23% used [0x00000006c2000000,0x00000006c35c26d0,0x00000006c7c80000)
 Metaspace       used 34757K, capacity 35284K, committed 35416K, reserved 1081344K
  class space    used 4460K, capacity 4590K, committed 4608K, reserved 1048576K
Event: 62.813 GC heap after
Heap after GC invocations=8 (full 2):
 PSYoungGen      total 368640K, used 0K [0x000000076b580000, 0x0000000786180000, 0x00000007c0000000)
  eden space 348672K, 0% used [0x000000076b580000,0x000000076b580000,0x0000000780a00000)
  from space 19968K, 0% used [0x0000000781c80000,0x0000000781c80000,0x0000000783000000)
  to   space 18944K, 0% used [0x0000000780a00000,0x0000000780a00000,0x0000000781c80000)
 ParOldGen       total 140288K, used 20850K [0x00000006c2000000, 0x00000006ca900000, 0x000000076b580000)
  object space 140288K, 14% used [0x00000006c2000000,0x00000006c345c868,0x00000006ca900000)
 Metaspace       used 34757K, capacity 35284K, committed 35416K, reserved 1081344K
  class space    used 4460K, capacity 4590K, committed 4608K, reserved 1048576K
}

